[debug] [2022-11-10T16:02:59.768Z] ----------------------------------------------------------------------
[debug] [2022-11-10T16:02:59.771Z] Command:       C:\Program Files\nodejs\node.exe C:\Users\USER\AppData\Roaming\npm\node_modules\firebase-tools\lib\bin\firebase.js deploy
[debug] [2022-11-10T16:02:59.772Z] CLI Version:   11.15.0
[debug] [2022-11-10T16:02:59.772Z] Platform:      win32
[debug] [2022-11-10T16:02:59.772Z] Node Version:  v16.17.0
[debug] [2022-11-10T16:02:59.779Z] Time:          Thu Nov 10 2022 22:02:59 GMT+0600 (Bangladesh Standard Time)
[debug] [2022-11-10T16:02:59.779Z] ----------------------------------------------------------------------
[debug] 
[debug] [2022-11-10T16:02:59.881Z] > command requires scopes: ["email","openid","https://www.googleapis.com/auth/cloudplatformprojects.readonly","https://www.googleapis.com/auth/firebase","https://www.googleapis.com/auth/cloud-platform"]
[debug] [2022-11-10T16:02:59.881Z] > authorizing via signed-in user (mdfaysal.freelancer@gmail.com)
[debug] [2022-11-10T16:02:59.882Z] [iam] checking project photography-auth for permissions ["firebase.projects.get","firebasehosting.sites.update"]
[debug] [2022-11-10T16:02:59.884Z] > refreshing access token with scopes: []
[debug] [2022-11-10T16:02:59.886Z] >>> [apiv2][query] POST https://www.googleapis.com/oauth2/v3/token [none]
[debug] [2022-11-10T16:02:59.887Z] >>> [apiv2][body] POST https://www.googleapis.com/oauth2/v3/token [omitted]
[debug] [2022-11-10T16:03:00.303Z] <<< [apiv2][status] POST https://www.googleapis.com/oauth2/v3/token 200
[debug] [2022-11-10T16:03:00.303Z] <<< [apiv2][body] POST https://www.googleapis.com/oauth2/v3/token [omitted]
[debug] [2022-11-10T16:03:00.315Z] >>> [apiv2][query] POST https://cloudresourcemanager.googleapis.com/v1/projects/photography-auth:testIamPermissions [none]
[debug] [2022-11-10T16:03:00.315Z] >>> [apiv2][(partial)header] POST https://cloudresourcemanager.googleapis.com/v1/projects/photography-auth:testIamPermissions x-goog-quota-user=projects/photography-auth
[debug] [2022-11-10T16:03:00.316Z] >>> [apiv2][body] POST https://cloudresourcemanager.googleapis.com/v1/projects/photography-auth:testIamPermissions {"permissions":["firebase.projects.get","firebasehosting.sites.update"]}
[debug] [2022-11-10T16:03:00.882Z] <<< [apiv2][status] POST https://cloudresourcemanager.googleapis.com/v1/projects/photography-auth:testIamPermissions 200
[debug] [2022-11-10T16:03:00.882Z] <<< [apiv2][body] POST https://cloudresourcemanager.googleapis.com/v1/projects/photography-auth:testIamPermissions {"permissions":["firebase.projects.get","firebasehosting.sites.update"]}
[debug] [2022-11-10T16:03:00.883Z] >>> [apiv2][query] GET https://firebase.googleapis.com/v1beta1/projects/photography-auth [none]
[debug] [2022-11-10T16:03:01.402Z] <<< [apiv2][status] GET https://firebase.googleapis.com/v1beta1/projects/photography-auth 200
[debug] [2022-11-10T16:03:01.402Z] <<< [apiv2][body] GET https://firebase.googleapis.com/v1beta1/projects/photography-auth {"projectId":"photography-auth","projectNumber":"2806037181","displayName":"photography-auth","name":"projects/photography-auth","resources":{"hostingSite":"photography-auth"},"state":"ACTIVE","etag":"1_3b09f72b-68c3-4c2f-ad8e-23e205737919"}
[info] 
[info] === Deploying to 'photography-auth'...
[info] 
[info] i  deploying hosting 
[debug] [2022-11-10T16:03:01.407Z] >>> [apiv2][query] POST https://firebasehosting.googleapis.com/v1beta1/projects/-/sites/photography-auth/versions [none]
[debug] [2022-11-10T16:03:01.407Z] >>> [apiv2][body] POST https://firebasehosting.googleapis.com/v1beta1/projects/-/sites/photography-auth/versions {"status":"CREATED","labels":{"deployment-tool":"cli-firebase"}}
[debug] [2022-11-10T16:03:02.856Z] <<< [apiv2][status] POST https://firebasehosting.googleapis.com/v1beta1/projects/-/sites/photography-auth/versions 200
[debug] [2022-11-10T16:03:02.856Z] <<< [apiv2][body] POST https://firebasehosting.googleapis.com/v1beta1/projects/-/sites/photography-auth/versions {"name":"projects/2806037181/sites/photography-auth/versions/2b6b17a8f71eb1f8","status":"CREATED","config":{},"labels":{"deployment-tool":"cli-firebase"}}
[info] i  hosting[photography-auth]: beginning deploy... 
[info] i  hosting[photography-auth]: found 19 files in build 
[debug] [2022-11-10T16:03:02.872Z] [hosting] uploading with 200 concurrency
[debug] [2022-11-10T16:03:03.510Z] [hosting] hash cache [YnVpbGQ] stored for 19 files
[debug] [2022-11-10T16:03:03.511Z] [hosting][hash queue][FINAL] {"max":608,"min":4,"avg":45.31578947368421,"active":0,"complete":19,"success":19,"errored":0,"retried":0,"total":19,"elapsed":616}
[debug] [2022-11-10T16:03:03.512Z] >>> [apiv2][query] POST https://firebasehosting.googleapis.com/v1beta1/projects/2806037181/sites/photography-auth/versions/2b6b17a8f71eb1f8:populateFiles [none]
[debug] [2022-11-10T16:03:03.512Z] >>> [apiv2][body] POST https://firebasehosting.googleapis.com/v1beta1/projects/2806037181/sites/photography-auth/versions/2b6b17a8f71eb1f8:populateFiles {"files":{"/favicon.ico":"eae62e993eb980ec8a25058c39d5a51feab118bd2100c4deebb2a9c158ec11f9","/light.png":"358245896a666e0ee049947eb6629c1a375bf4ddddf1e71da8ac3416c8460b5a","/logo192.png":"3ee59515172ee198f3be375979df15ac5345183e656720a381b8872b2a39dc8b","/logo512.png":"ee7e2f3fdb8209c4b6fd7bef6ba50d1b9dba30a25bb5c3126df057e1cb6f5331","/manifest.json":"aff3449bdc238776f5d6d967f19ec491b36aed5fb7f23ccff6500736fd58494a","/robots.txt":"bfe106a3fb878dc83461c86818bf74fc1bdc7f28538ba613cd3e775516ce8b49","/services.json":"c41a1c62fe963d4976933caf4694be90f1184aa8bd8f643c04238064ca803c81","/asset-manifest.json":"9d9a3eb5d27981f0e690293529f5f02de419405bae720df5cca3dde19a8f5664","/index.html":"5b6fa4f65a0bdcb34207b140bb7a5cb0a63a3295608ba29f85edf8f652d2ed3e","/static/js/787.e0fc2157.chunk.js":"dc02b1b58867231a29e059c1b6ff4319984bb09a167d796754f8983bc551e80e","/static/js/787.e0fc2157.chunk.js.map":"b5f2222f0873749d7f28e3a6b22be50bedcdffd93a0a0d4c09920f5203711d68","/static/css/main.8ed6847f.css":"35616a7ca801abea33172c4bca32c784fd11eae4f2fa4f7384ddc81199daf2b4","/static/js/main.d4094a3f.js.LICENSE.txt":"29fba471d481398619ffd50250e8431add61c7c8208f77fc9b05cd1bf9708876","/static/css/main.8ed6847f.css.map":"a0a9efa3edecd72deee55710a0572d17d7ed9ff500abbef55bdf2e50bfb40f18","/static/media/error.32f6b27c4f6b205fbfcceaf6201ea170.svg":"80804d95ff21b225fe7c95f9365fc6b7df2c57cb709bc8ae0469322fcb753d22","/static/media/services.2d8147e7f59627e8fc8b.jpg":"830bcf6924931803c4ceedd1e449870786f9741af25d77ff100d77e0b4000633","/static/media/user.93c2d12db149d738227a.png":"a52ea704e4d4d7bfed91ac87d8263a5a68c6071362a22d4ac37aac4a51bdd701","/static/js/main.d4094a3f.js":"57d0d5ccd6b03f98cea01ad4d40d9504630d79390307217d6c17fe286b7a79cb","/static/js/main.d4094a3f.js.map":"abd8504c866dc582e0939c852fd33ae8a597e3d0e731482b9b24cc7b06641a62"}}
[debug] [2022-11-10T16:03:04.633Z] <<< [apiv2][status] POST https://firebasehosting.googleapis.com/v1beta1/projects/2806037181/sites/photography-auth/versions/2b6b17a8f71eb1f8:populateFiles 200
[debug] [2022-11-10T16:03:04.634Z] <<< [apiv2][body] POST https://firebasehosting.googleapis.com/v1beta1/projects/2806037181/sites/photography-auth/versions/2b6b17a8f71eb1f8:populateFiles {"uploadRequiredHashes":["a0a9efa3edecd72deee55710a0572d17d7ed9ff500abbef55bdf2e50bfb40f18","57d0d5ccd6b03f98cea01ad4d40d9504630d79390307217d6c17fe286b7a79cb","5b6fa4f65a0bdcb34207b140bb7a5cb0a63a3295608ba29f85edf8f652d2ed3e","9d9a3eb5d27981f0e690293529f5f02de419405bae720df5cca3dde19a8f5664","abd8504c866dc582e0939c852fd33ae8a597e3d0e731482b9b24cc7b06641a62","35616a7ca801abea33172c4bca32c784fd11eae4f2fa4f7384ddc81199daf2b4"],"uploadUrl":"https://upload-firebasehosting.googleapis.com/upload/sites/photography-auth/versions/2b6b17a8f71eb1f8/files"}
[debug] [2022-11-10T16:03:04.635Z] >>> [apiv2][query] POST https://upload-firebasehosting.googleapis.com/upload/sites/photography-auth/versions/2b6b17a8f71eb1f8/files/a0a9efa3edecd72deee55710a0572d17d7ed9ff500abbef55bdf2e50bfb40f18 [none]
[debug] [2022-11-10T16:03:04.635Z] >>> [apiv2][body] POST https://upload-firebasehosting.googleapis.com/upload/sites/photography-auth/versions/2b6b17a8f71eb1f8/files/a0a9efa3edecd72deee55710a0572d17d7ed9ff500abbef55bdf2e50bfb40f18 [stream]
[debug] [2022-11-10T16:03:04.637Z] >>> [apiv2][query] POST https://upload-firebasehosting.googleapis.com/upload/sites/photography-auth/versions/2b6b17a8f71eb1f8/files/57d0d5ccd6b03f98cea01ad4d40d9504630d79390307217d6c17fe286b7a79cb [none]
[debug] [2022-11-10T16:03:04.637Z] >>> [apiv2][body] POST https://upload-firebasehosting.googleapis.com/upload/sites/photography-auth/versions/2b6b17a8f71eb1f8/files/57d0d5ccd6b03f98cea01ad4d40d9504630d79390307217d6c17fe286b7a79cb [stream]
[debug] [2022-11-10T16:03:04.638Z] >>> [apiv2][query] POST https://upload-firebasehosting.googleapis.com/upload/sites/photography-auth/versions/2b6b17a8f71eb1f8/files/5b6fa4f65a0bdcb34207b140bb7a5cb0a63a3295608ba29f85edf8f652d2ed3e [none]
[debug] [2022-11-10T16:03:04.638Z] >>> [apiv2][body] POST https://upload-firebasehosting.googleapis.com/upload/sites/photography-auth/versions/2b6b17a8f71eb1f8/files/5b6fa4f65a0bdcb34207b140bb7a5cb0a63a3295608ba29f85edf8f652d2ed3e [stream]
[debug] [2022-11-10T16:03:04.639Z] >>> [apiv2][query] POST https://upload-firebasehosting.googleapis.com/upload/sites/photography-auth/versions/2b6b17a8f71eb1f8/files/9d9a3eb5d27981f0e690293529f5f02de419405bae720df5cca3dde19a8f5664 [none]
[debug] [2022-11-10T16:03:04.639Z] >>> [apiv2][body] POST https://upload-firebasehosting.googleapis.com/upload/sites/photography-auth/versions/2b6b17a8f71eb1f8/files/9d9a3eb5d27981f0e690293529f5f02de419405bae720df5cca3dde19a8f5664 [stream]
[debug] [2022-11-10T16:03:04.640Z] >>> [apiv2][query] POST https://upload-firebasehosting.googleapis.com/upload/sites/photography-auth/versions/2b6b17a8f71eb1f8/files/abd8504c866dc582e0939c852fd33ae8a597e3d0e731482b9b24cc7b06641a62 [none]
[debug] [2022-11-10T16:03:04.641Z] >>> [apiv2][body] POST https://upload-firebasehosting.googleapis.com/upload/sites/photography-auth/versions/2b6b17a8f71eb1f8/files/abd8504c866dc582e0939c852fd33ae8a597e3d0e731482b9b24cc7b06641a62 [stream]
[debug] [2022-11-10T16:03:04.642Z] >>> [apiv2][query] POST https://upload-firebasehosting.googleapis.com/upload/sites/photography-auth/versions/2b6b17a8f71eb1f8/files/35616a7ca801abea33172c4bca32c784fd11eae4f2fa4f7384ddc81199daf2b4 [none]
[debug] [2022-11-10T16:03:04.642Z] >>> [apiv2][body] POST https://upload-firebasehosting.googleapis.com/upload/sites/photography-auth/versions/2b6b17a8f71eb1f8/files/35616a7ca801abea33172c4bca32c784fd11eae4f2fa4f7384ddc81199daf2b4 [stream]
[debug] [2022-11-10T16:03:04.643Z] [hosting][populate queue][FINAL] {"max":1126,"min":1126,"avg":1126,"active":0,"complete":1,"success":1,"errored":0,"retried":0,"total":1,"elapsed":1134}
[debug] [2022-11-10T16:03:04.644Z] [hosting] uploads queued: 6
[debug] [2022-11-10T16:03:06.354Z] <<< [apiv2][status] POST https://upload-firebasehosting.googleapis.com/upload/sites/photography-auth/versions/2b6b17a8f71eb1f8/files/35616a7ca801abea33172c4bca32c784fd11eae4f2fa4f7384ddc81199daf2b4 200
[debug] [2022-11-10T16:03:06.354Z] <<< [apiv2][body] POST https://upload-firebasehosting.googleapis.com/upload/sites/photography-auth/versions/2b6b17a8f71eb1f8/files/35616a7ca801abea33172c4bca32c784fd11eae4f2fa4f7384ddc81199daf2b4 [stream]
[debug] [2022-11-10T16:03:06.371Z] <<< [apiv2][status] POST https://upload-firebasehosting.googleapis.com/upload/sites/photography-auth/versions/2b6b17a8f71eb1f8/files/9d9a3eb5d27981f0e690293529f5f02de419405bae720df5cca3dde19a8f5664 200
[debug] [2022-11-10T16:03:06.371Z] <<< [apiv2][body] POST https://upload-firebasehosting.googleapis.com/upload/sites/photography-auth/versions/2b6b17a8f71eb1f8/files/9d9a3eb5d27981f0e690293529f5f02de419405bae720df5cca3dde19a8f5664 [stream]
[debug] [2022-11-10T16:03:06.401Z] <<< [apiv2][status] POST https://upload-firebasehosting.googleapis.com/upload/sites/photography-auth/versions/2b6b17a8f71eb1f8/files/5b6fa4f65a0bdcb34207b140bb7a5cb0a63a3295608ba29f85edf8f652d2ed3e 200
[debug] [2022-11-10T16:03:06.402Z] <<< [apiv2][body] POST https://upload-firebasehosting.googleapis.com/upload/sites/photography-auth/versions/2b6b17a8f71eb1f8/files/5b6fa4f65a0bdcb34207b140bb7a5cb0a63a3295608ba29f85edf8f652d2ed3e [stream]
[debug] [2022-11-10T16:03:07.122Z] <<< [apiv2][status] POST https://upload-firebasehosting.googleapis.com/upload/sites/photography-auth/versions/2b6b17a8f71eb1f8/files/57d0d5ccd6b03f98cea01ad4d40d9504630d79390307217d6c17fe286b7a79cb 200
[debug] [2022-11-10T16:03:07.122Z] <<< [apiv2][body] POST https://upload-firebasehosting.googleapis.com/upload/sites/photography-auth/versions/2b6b17a8f71eb1f8/files/57d0d5ccd6b03f98cea01ad4d40d9504630d79390307217d6c17fe286b7a79cb [stream]
[debug] [2022-11-10T16:03:07.866Z] <<< [apiv2][status] POST https://upload-firebasehosting.googleapis.com/upload/sites/photography-auth/versions/2b6b17a8f71eb1f8/files/a0a9efa3edecd72deee55710a0572d17d7ed9ff500abbef55bdf2e50bfb40f18 200
[debug] [2022-11-10T16:03:07.866Z] <<< [apiv2][body] POST https://upload-firebasehosting.googleapis.com/upload/sites/photography-auth/versions/2b6b17a8f71eb1f8/files/a0a9efa3edecd72deee55710a0572d17d7ed9ff500abbef55bdf2e50bfb40f18 [stream]
[debug] [2022-11-10T16:03:08.479Z] <<< [apiv2][status] POST https://upload-firebasehosting.googleapis.com/upload/sites/photography-auth/versions/2b6b17a8f71eb1f8/files/abd8504c866dc582e0939c852fd33ae8a597e3d0e731482b9b24cc7b06641a62 200
[debug] [2022-11-10T16:03:08.479Z] <<< [apiv2][body] POST https://upload-firebasehosting.googleapis.com/upload/sites/photography-auth/versions/2b6b17a8f71eb1f8/files/abd8504c866dc582e0939c852fd33ae8a597e3d0e731482b9b24cc7b06641a62 [stream]
[debug] [2022-11-10T16:03:08.479Z] [hosting][upload queue][FINAL] {"max":3844,"min":1719,"avg":2464.3333333333335,"active":0,"complete":6,"success":6,"errored":0,"retried":0,"total":6,"elapsed":3845}
[info] +  hosting[photography-auth]: file upload complete 
[debug] [2022-11-10T16:03:08.481Z] [hosting] deploy completed after 5623ms
[debug] [2022-11-10T16:03:08.484Z] [
  {
    "config": {
      "public": "build",
      "ignore": [
        "firebase.json",
        "**/.*",
        "**/node_modules/**"
      ],
      "site": "photography-auth"
    },
    "version": "projects/2806037181/sites/photography-auth/versions/2b6b17a8f71eb1f8"
  }
]
[info] i  hosting[photography-auth]: finalizing version... 
[debug] [2022-11-10T16:03:08.486Z] >>> [apiv2][query] PATCH https://firebasehosting.googleapis.com/v1beta1/projects/-/sites/photography-auth/versions/2b6b17a8f71eb1f8 updateMask=status%2Cconfig
[debug] [2022-11-10T16:03:08.486Z] >>> [apiv2][body] PATCH https://firebasehosting.googleapis.com/v1beta1/projects/-/sites/photography-auth/versions/2b6b17a8f71eb1f8 {"status":"FINALIZED","config":{}}
[debug] [2022-11-10T16:03:09.524Z] <<< [apiv2][status] PATCH https://firebasehosting.googleapis.com/v1beta1/projects/-/sites/photography-auth/versions/2b6b17a8f71eb1f8 200
[debug] [2022-11-10T16:03:09.524Z] <<< [apiv2][body] PATCH https://firebasehosting.googleapis.com/v1beta1/projects/-/sites/photography-auth/versions/2b6b17a8f71eb1f8 {"name":"projects/2806037181/sites/photography-auth/versions/2b6b17a8f71eb1f8","status":"FINALIZED","config":{},"labels":{"deployment-tool":"cli-firebase"},"createTime":"2022-11-10T16:03:03.120103Z","createUser":{"email":"mdfaysal.freelancer@gmail.com"},"finalizeTime":"2022-11-10T16:03:10.120504Z","finalizeUser":{"email":"mdfaysal.freelancer@gmail.com"}}
[debug] [2022-11-10T16:03:09.524Z] [hosting] finalized version for photography-auth:[object Object]
[info] +  hosting[photography-auth]: version finalized 
[info] i  hosting[photography-auth]: releasing new version... 
[debug] [2022-11-10T16:03:09.526Z] >>> [apiv2][query] POST https://firebasehosting.googleapis.com/v1beta1/projects/-/sites/photography-auth/channels/live/releases versionName=projects%2F2806037181%2Fsites%2Fphotography-auth%2Fversions%2F2b6b17a8f71eb1f8
[debug] [2022-11-10T16:03:09.526Z] >>> [apiv2][body] POST https://firebasehosting.googleapis.com/v1beta1/projects/-/sites/photography-auth/channels/live/releases {}
[debug] [2022-11-10T16:03:10.728Z] <<< [apiv2][status] POST https://firebasehosting.googleapis.com/v1beta1/projects/-/sites/photography-auth/channels/live/releases 200
[debug] [2022-11-10T16:03:10.728Z] <<< [apiv2][body] POST https://firebasehosting.googleapis.com/v1beta1/projects/-/sites/photography-auth/channels/live/releases {"name":"projects/2806037181/sites/photography-auth/channels/live/releases/1668096190594848","version":{"name":"projects/2806037181/sites/photography-auth/versions/2b6b17a8f71eb1f8","status":"FINALIZED","config":{},"labels":{"deployment-tool":"cli-firebase"},"createTime":"2022-11-10T16:03:03.120103Z","createUser":{"email":"mdfaysal.freelancer@gmail.com","imageUrl":"https://lh3.googleusercontent.com/a/ALm5wu0h0Kc_57skdPJMnoG3tJPfh39KBFw1wGE-QwA_kA"},"finalizeTime":"2022-11-10T16:03:10.120504Z","finalizeUser":{"email":"mdfaysal.freelancer@gmail.com","imageUrl":"https://lh3.googleusercontent.com/a/ALm5wu0h0Kc_57skdPJMnoG3tJPfh39KBFw1wGE-QwA_kA"}},"type":"DEPLOY","releaseTime":"2022-11-10T16:03:10.594848107Z","releaseUser":{"email":"mdfaysal.freelancer@gmail.com","imageUrl":"https://lh3.googleusercontent.com/a/ALm5wu0h0Kc_57skdPJMnoG3tJPfh39KBFw1wGE-QwA_kA"}}
[debug] [2022-11-10T16:03:10.729Z] [hosting] release: {"name":"projects/2806037181/sites/photography-auth/channels/live/releases/1668096190594848","version":{"name":"projects/2806037181/sites/photography-auth/versions/2b6b17a8f71eb1f8","status":"FINALIZED","config":{},"labels":{"deployment-tool":"cli-firebase"},"createTime":"2022-11-10T16:03:03.120103Z","createUser":{"email":"mdfaysal.freelancer@gmail.com","imageUrl":"https://lh3.googleusercontent.com/a/ALm5wu0h0Kc_57skdPJMnoG3tJPfh39KBFw1wGE-QwA_kA"},"finalizeTime":"2022-11-10T16:03:10.120504Z","finalizeUser":{"email":"mdfaysal.freelancer@gmail.com","imageUrl":"https://lh3.googleusercontent.com/a/ALm5wu0h0Kc_57skdPJMnoG3tJPfh39KBFw1wGE-QwA_kA"}},"type":"DEPLOY","releaseTime":"2022-11-10T16:03:10.594848107Z","releaseUser":{"email":"mdfaysal.freelancer@gmail.com","imageUrl":"https://lh3.googleusercontent.com/a/ALm5wu0h0Kc_57skdPJMnoG3tJPfh39KBFw1wGE-QwA_kA"}}
[info] +  hosting[photography-auth]: release complete 
